CRITICAL - 2022-04-02 22:23:03 --> The framework needs the following extension(s) installed and loaded: intl.
#0 C:\xampp\htdocs\CI\system\CodeIgniter.php(219): CodeIgniter\Exceptions\FrameworkException::forMissingExtension('intl')
#1 C:\xampp\htdocs\CI\system\CodeIgniter.php(177): CodeIgniter\CodeIgniter->resolvePlatformExtensions()
#2 C:\xampp\htdocs\CI\system\bootstrap.php(146): CodeIgniter\CodeIgniter->initialize()
#3 C:\xampp\htdocs\CI\public\index.php(28): require('C:\\xampp\\htdocs...')
#4 {main}
CRITICAL - 2022-04-02 22:24:52 --> The framework needs the following extension(s) installed and loaded: intl.
#0 C:\xampp\htdocs\CI\system\CodeIgniter.php(219): CodeIgniter\Exceptions\FrameworkException::forMissingExtension('intl')
#1 C:\xampp\htdocs\CI\system\CodeIgniter.php(177): CodeIgniter\CodeIgniter->resolvePlatformExtensions()
#2 C:\xampp\htdocs\CI\system\bootstrap.php(146): CodeIgniter\CodeIgniter->initialize()
#3 C:\xampp\htdocs\CI\public\index.php(28): require('C:\\xampp\\htdocs...')
#4 {main}
CRITICAL - 2022-04-02 16:38:57 --> syntax error, unexpected token "class"
#0 C:\xampp\htdocs\CI\system\Router\Router.php(175): CodeIgniter\Router\Router->autoRoute('api')
#1 C:\xampp\htdocs\CI\system\CodeIgniter.php(726): CodeIgniter\Router\Router->handle('api')
#2 C:\xampp\htdocs\CI\system\CodeIgniter.php(368): CodeIgniter\CodeIgniter->tryToRouteIt(Object(CodeIgniter\Router\RouteCollection))
#3 C:\xampp\htdocs\CI\system\CodeIgniter.php(326): CodeIgniter\CodeIgniter->handleRequest(NULL, Object(Config\Cache), false)
#4 C:\xampp\htdocs\CI\public\index.php(37): CodeIgniter\CodeIgniter->run()
#5 C:\xampp\htdocs\CI\system\Commands\Server\rewrite.php(43): require_once('C:\\xampp\\htdocs...')
#6 {main}
CRITICAL - 2022-04-02 16:39:05 --> syntax error, unexpected variable "$apiModel", expecting "function" or "const"
#0 C:\xampp\htdocs\CI\system\Router\Router.php(175): CodeIgniter\Router\Router->autoRoute('api')
#1 C:\xampp\htdocs\CI\system\CodeIgniter.php(726): CodeIgniter\Router\Router->handle('api')
#2 C:\xampp\htdocs\CI\system\CodeIgniter.php(368): CodeIgniter\CodeIgniter->tryToRouteIt(Object(CodeIgniter\Router\RouteCollection))
#3 C:\xampp\htdocs\CI\system\CodeIgniter.php(326): CodeIgniter\CodeIgniter->handleRequest(NULL, Object(Config\Cache), false)
#4 C:\xampp\htdocs\CI\public\index.php(37): CodeIgniter\CodeIgniter->run()
#5 C:\xampp\htdocs\CI\system\Commands\Server\rewrite.php(43): require_once('C:\\xampp\\htdocs...')
#6 {main}
CRITICAL - 2022-04-02 16:40:21 --> Undefined property: App\Controllers\Api::$apiModel
#0 C:\xampp\htdocs\CI\app\Controllers\Api.php(19): CodeIgniter\Debug\Exceptions->errorHandler(2, 'Undefined prope...', 'C:\\xampp\\htdocs...', 19)
#1 C:\xampp\htdocs\CI\system\CodeIgniter.php(832): App\Controllers\Api->getData()
#2 C:\xampp\htdocs\CI\system\CodeIgniter.php(419): CodeIgniter\CodeIgniter->runController(Object(App\Controllers\Api))
#3 C:\xampp\htdocs\CI\system\CodeIgniter.php(326): CodeIgniter\CodeIgniter->handleRequest(NULL, Object(Config\Cache), false)
#4 C:\xampp\htdocs\CI\public\index.php(37): CodeIgniter\CodeIgniter->run()
#5 C:\xampp\htdocs\CI\system\Commands\Server\rewrite.php(43): require_once('C:\\xampp\\htdocs...')
#6 {main}
CRITICAL - 2022-04-02 16:40:26 --> Undefined property: App\Controllers\Api::$apiModel
#0 C:\xampp\htdocs\CI\app\Controllers\Api.php(19): CodeIgniter\Debug\Exceptions->errorHandler(2, 'Undefined prope...', 'C:\\xampp\\htdocs...', 19)
#1 C:\xampp\htdocs\CI\system\CodeIgniter.php(832): App\Controllers\Api->getData()
#2 C:\xampp\htdocs\CI\system\CodeIgniter.php(419): CodeIgniter\CodeIgniter->runController(Object(App\Controllers\Api))
#3 C:\xampp\htdocs\CI\system\CodeIgniter.php(326): CodeIgniter\CodeIgniter->handleRequest(NULL, Object(Config\Cache), false)
#4 C:\xampp\htdocs\CI\public\index.php(37): CodeIgniter\CodeIgniter->run()
#5 C:\xampp\htdocs\CI\system\Commands\Server\rewrite.php(43): require_once('C:\\xampp\\htdocs...')
#6 {main}
CRITICAL - 2022-04-02 16:41:04 --> Access level to App\Models\ApiModel::$db must be protected (as in class CodeIgniter\BaseModel) or weaker
#0 [internal function]: CodeIgniter\Debug\Exceptions->shutdownHandler()
#1 {main}
CRITICAL - 2022-04-02 16:41:56 --> Access level to App\Models\ApiModel::$db must be protected (as in class CodeIgniter\BaseModel) or weaker
#0 [internal function]: CodeIgniter\Debug\Exceptions->shutdownHandler()
#1 {main}
CRITICAL - 2022-04-02 16:42:13 --> Undefined property: App\Controllers\Api::$apiModel
#0 C:\xampp\htdocs\CI\app\Controllers\Api.php(21): CodeIgniter\Debug\Exceptions->errorHandler(2, 'Undefined prope...', 'C:\\xampp\\htdocs...', 21)
#1 C:\xampp\htdocs\CI\system\CodeIgniter.php(832): App\Controllers\Api->getData()
#2 C:\xampp\htdocs\CI\system\CodeIgniter.php(419): CodeIgniter\CodeIgniter->runController(Object(App\Controllers\Api))
#3 C:\xampp\htdocs\CI\system\CodeIgniter.php(326): CodeIgniter\CodeIgniter->handleRequest(NULL, Object(Config\Cache), false)
#4 C:\xampp\htdocs\CI\public\index.php(37): CodeIgniter\CodeIgniter->run()
#5 C:\xampp\htdocs\CI\system\Commands\Server\rewrite.php(43): require_once('C:\\xampp\\htdocs...')
#6 {main}
CRITICAL - 2022-04-02 16:45:05 --> syntax error, unexpected token "="
#0 C:\xampp\htdocs\CI\system\Autoloader\Autoloader.php(241): CodeIgniter\Autoloader\Autoloader->includeFile('C:\\xampp\\htdocs...')
#1 C:\xampp\htdocs\CI\system\Autoloader\Autoloader.php(219): CodeIgniter\Autoloader\Autoloader->loadInNamespace('App\\Models\\ApiM...')
#2 C:\xampp\htdocs\CI\app\Controllers\Api.php(18): CodeIgniter\Autoloader\Autoloader->loadClass('App\\Models\\ApiM...')
#3 C:\xampp\htdocs\CI\system\CodeIgniter.php(832): App\Controllers\Api->getData()
#4 C:\xampp\htdocs\CI\system\CodeIgniter.php(419): CodeIgniter\CodeIgniter->runController(Object(App\Controllers\Api))
#5 C:\xampp\htdocs\CI\system\CodeIgniter.php(326): CodeIgniter\CodeIgniter->handleRequest(NULL, Object(Config\Cache), false)
#6 C:\xampp\htdocs\CI\public\index.php(37): CodeIgniter\CodeIgniter->run()
#7 C:\xampp\htdocs\CI\system\Commands\Server\rewrite.php(43): require_once('C:\\xampp\\htdocs...')
#8 {main}
CRITICAL - 2022-04-02 16:45:15 --> Object of class CodeIgniter\HTTP\Response could not be converted to string
#0 C:\xampp\htdocs\CI\system\CodeIgniter.php(832): App\Controllers\Api->getData()
#1 C:\xampp\htdocs\CI\system\CodeIgniter.php(419): CodeIgniter\CodeIgniter->runController(Object(App\Controllers\Api))
#2 C:\xampp\htdocs\CI\system\CodeIgniter.php(326): CodeIgniter\CodeIgniter->handleRequest(NULL, Object(Config\Cache), false)
#3 C:\xampp\htdocs\CI\public\index.php(37): CodeIgniter\CodeIgniter->run()
#4 C:\xampp\htdocs\CI\system\Commands\Server\rewrite.php(43): require_once('C:\\xampp\\htdocs...')
#5 {main}
CRITICAL - 2022-04-02 16:45:31 --> Object of class CodeIgniter\HTTP\Response could not be converted to string
#0 C:\xampp\htdocs\CI\system\CodeIgniter.php(832): App\Controllers\Api->getData()
#1 C:\xampp\htdocs\CI\system\CodeIgniter.php(419): CodeIgniter\CodeIgniter->runController(Object(App\Controllers\Api))
#2 C:\xampp\htdocs\CI\system\CodeIgniter.php(326): CodeIgniter\CodeIgniter->handleRequest(NULL, Object(Config\Cache), false)
#3 C:\xampp\htdocs\CI\public\index.php(37): CodeIgniter\CodeIgniter->run()
#4 C:\xampp\htdocs\CI\system\Commands\Server\rewrite.php(43): require_once('C:\\xampp\\htdocs...')
#5 {main}
CRITICAL - 2022-04-02 16:45:57 --> Cannot access protected property CodeIgniter\HTTP\Response::$body
#0 C:\xampp\htdocs\CI\system\CodeIgniter.php(832): App\Controllers\Api->getData()
#1 C:\xampp\htdocs\CI\system\CodeIgniter.php(419): CodeIgniter\CodeIgniter->runController(Object(App\Controllers\Api))
#2 C:\xampp\htdocs\CI\system\CodeIgniter.php(326): CodeIgniter\CodeIgniter->handleRequest(NULL, Object(Config\Cache), false)
#3 C:\xampp\htdocs\CI\public\index.php(37): CodeIgniter\CodeIgniter->run()
#4 C:\xampp\htdocs\CI\system\Commands\Server\rewrite.php(43): require_once('C:\\xampp\\htdocs...')
#5 {main}
CRITICAL - 2022-04-02 16:46:06 --> Object of class CodeIgniter\HTTP\Response could not be converted to string
#0 C:\xampp\htdocs\CI\system\CodeIgniter.php(832): App\Controllers\Api->getData()
#1 C:\xampp\htdocs\CI\system\CodeIgniter.php(419): CodeIgniter\CodeIgniter->runController(Object(App\Controllers\Api))
#2 C:\xampp\htdocs\CI\system\CodeIgniter.php(326): CodeIgniter\CodeIgniter->handleRequest(NULL, Object(Config\Cache), false)
#3 C:\xampp\htdocs\CI\public\index.php(37): CodeIgniter\CodeIgniter->run()
#4 C:\xampp\htdocs\CI\system\Commands\Server\rewrite.php(43): require_once('C:\\xampp\\htdocs...')
#5 {main}
CRITICAL - 2022-04-02 17:32:08 --> Undefined property: App\Controllers\Home::$input
#0 C:\xampp\htdocs\CI\app\Controllers\Home.php(15): CodeIgniter\Debug\Exceptions->errorHandler(2, 'Undefined prope...', 'C:\\xampp\\htdocs...', 15)
#1 C:\xampp\htdocs\CI\system\CodeIgniter.php(832): App\Controllers\Home->adduser()
#2 C:\xampp\htdocs\CI\system\CodeIgniter.php(419): CodeIgniter\CodeIgniter->runController(Object(App\Controllers\Home))
#3 C:\xampp\htdocs\CI\system\CodeIgniter.php(326): CodeIgniter\CodeIgniter->handleRequest(NULL, Object(Config\Cache), false)
#4 C:\xampp\htdocs\CI\public\index.php(37): CodeIgniter\CodeIgniter->run()
#5 C:\xampp\htdocs\CI\system\Commands\Server\rewrite.php(43): require_once('C:\\xampp\\htdocs...')
#6 {main}
CRITICAL - 2022-04-02 17:33:15 --> Undefined property: App\Controllers\Home::$input
#0 C:\xampp\htdocs\CI\app\Controllers\Home.php(15): CodeIgniter\Debug\Exceptions->errorHandler(2, 'Undefined prope...', 'C:\\xampp\\htdocs...', 15)
#1 C:\xampp\htdocs\CI\system\CodeIgniter.php(832): App\Controllers\Home->adduser()
#2 C:\xampp\htdocs\CI\system\CodeIgniter.php(419): CodeIgniter\CodeIgniter->runController(Object(App\Controllers\Home))
#3 C:\xampp\htdocs\CI\system\CodeIgniter.php(326): CodeIgniter\CodeIgniter->handleRequest(NULL, Object(Config\Cache), false)
#4 C:\xampp\htdocs\CI\public\index.php(37): CodeIgniter\CodeIgniter->run()
#5 C:\xampp\htdocs\CI\system\Commands\Server\rewrite.php(43): require_once('C:\\xampp\\htdocs...')
#6 {main}
CRITICAL - 2022-04-02 17:37:05 --> Undefined property: App\Controllers\Home::$input
#0 C:\xampp\htdocs\CI\app\Controllers\Home.php(15): CodeIgniter\Debug\Exceptions->errorHandler(2, 'Undefined prope...', 'C:\\xampp\\htdocs...', 15)
#1 C:\xampp\htdocs\CI\system\CodeIgniter.php(832): App\Controllers\Home->adduser()
#2 C:\xampp\htdocs\CI\system\CodeIgniter.php(419): CodeIgniter\CodeIgniter->runController(Object(App\Controllers\Home))
#3 C:\xampp\htdocs\CI\system\CodeIgniter.php(326): CodeIgniter\CodeIgniter->handleRequest(NULL, Object(Config\Cache), false)
#4 C:\xampp\htdocs\CI\public\index.php(37): CodeIgniter\CodeIgniter->run()
#5 C:\xampp\htdocs\CI\system\Commands\Server\rewrite.php(43): require_once('C:\\xampp\\htdocs...')
#6 {main}
CRITICAL - 2022-04-02 17:47:02 --> Unmatched ')'
#0 C:\xampp\htdocs\CI\system\CodeIgniter.php(368): CodeIgniter\CodeIgniter->tryToRouteIt(NULL)
#1 C:\xampp\htdocs\CI\system\CodeIgniter.php(326): CodeIgniter\CodeIgniter->handleRequest(NULL, Object(Config\Cache), false)
#2 C:\xampp\htdocs\CI\public\index.php(37): CodeIgniter\CodeIgniter->run()
#3 C:\xampp\htdocs\CI\system\Commands\Server\rewrite.php(43): require_once('C:\\xampp\\htdocs...')
#4 {main}
CRITICAL - 2022-04-02 17:47:05 --> Unmatched ')'
#0 C:\xampp\htdocs\CI\system\CodeIgniter.php(368): CodeIgniter\CodeIgniter->tryToRouteIt(NULL)
#1 C:\xampp\htdocs\CI\system\CodeIgniter.php(326): CodeIgniter\CodeIgniter->handleRequest(NULL, Object(Config\Cache), false)
#2 C:\xampp\htdocs\CI\public\index.php(37): CodeIgniter\CodeIgniter->run()
#3 C:\xampp\htdocs\CI\system\Commands\Server\rewrite.php(43): require_once('C:\\xampp\\htdocs...')
#4 {main}
CRITICAL - 2022-04-02 18:06:20 --> Undefined property: App\Controllers\Api::$load
#0 C:\xampp\htdocs\CI\app\Controllers\Api.php(25): CodeIgniter\Debug\Exceptions->errorHandler(2, 'Undefined prope...', 'C:\\xampp\\htdocs...', 25)
#1 C:\xampp\htdocs\CI\system\CodeIgniter.php(832): App\Controllers\Api->adduser()
#2 C:\xampp\htdocs\CI\system\CodeIgniter.php(419): CodeIgniter\CodeIgniter->runController(Object(App\Controllers\Api))
#3 C:\xampp\htdocs\CI\system\CodeIgniter.php(326): CodeIgniter\CodeIgniter->handleRequest(NULL, Object(Config\Cache), false)
#4 C:\xampp\htdocs\CI\public\index.php(37): CodeIgniter\CodeIgniter->run()
#5 C:\xampp\htdocs\CI\system\Commands\Server\rewrite.php(43): require_once('C:\\xampp\\htdocs...')
#6 {main}
CRITICAL - 2022-04-02 18:06:25 --> Undefined property: App\Controllers\Api::$load
#0 C:\xampp\htdocs\CI\app\Controllers\Api.php(25): CodeIgniter\Debug\Exceptions->errorHandler(2, 'Undefined prope...', 'C:\\xampp\\htdocs...', 25)
#1 C:\xampp\htdocs\CI\system\CodeIgniter.php(832): App\Controllers\Api->adduser()
#2 C:\xampp\htdocs\CI\system\CodeIgniter.php(419): CodeIgniter\CodeIgniter->runController(Object(App\Controllers\Api))
#3 C:\xampp\htdocs\CI\system\CodeIgniter.php(326): CodeIgniter\CodeIgniter->handleRequest(NULL, Object(Config\Cache), false)
#4 C:\xampp\htdocs\CI\public\index.php(37): CodeIgniter\CodeIgniter->run()
#5 C:\xampp\htdocs\CI\system\Commands\Server\rewrite.php(43): require_once('C:\\xampp\\htdocs...')
#6 {main}
CRITICAL - 2022-04-02 19:34:47 --> Cannot access offset of type string on string
#0 C:\xampp\htdocs\CI\system\CodeIgniter.php(832): App\Controllers\Api->postData()
#1 C:\xampp\htdocs\CI\system\CodeIgniter.php(419): CodeIgniter\CodeIgniter->runController(Object(App\Controllers\Api))
#2 C:\xampp\htdocs\CI\system\CodeIgniter.php(326): CodeIgniter\CodeIgniter->handleRequest(NULL, Object(Config\Cache), false)
#3 C:\xampp\htdocs\CI\public\index.php(37): CodeIgniter\CodeIgniter->run()
#4 C:\xampp\htdocs\CI\system\Commands\Server\rewrite.php(43): require_once('C:\\xampp\\htdocs...')
#5 {main}
CRITICAL - 2022-04-02 19:35:18 --> Cannot use object of type stdClass as array
#0 C:\xampp\htdocs\CI\system\CodeIgniter.php(832): App\Controllers\Api->postData()
#1 C:\xampp\htdocs\CI\system\CodeIgniter.php(419): CodeIgniter\CodeIgniter->runController(Object(App\Controllers\Api))
#2 C:\xampp\htdocs\CI\system\CodeIgniter.php(326): CodeIgniter\CodeIgniter->handleRequest(NULL, Object(Config\Cache), false)
#3 C:\xampp\htdocs\CI\public\index.php(37): CodeIgniter\CodeIgniter->run()
#4 C:\xampp\htdocs\CI\system\Commands\Server\rewrite.php(43): require_once('C:\\xampp\\htdocs...')
#5 {main}
